<?xml version="1.0" encoding="UTF-8"?>
<!-- Generated by org.testng.reporters.JUnitXMLReporter -->
<testsuite hostname="DESKTOP-F4DEVB3" ignored="0" name="Test-2" tests="4" failures="0" timestamp="2023-01-06T21:37:54 IST" time="23.851" errors="0">
  <testcase name="TitalValidation" time="2.908" classname="testValidation.Firefox_test"/>
  <testcase name="CheckBoxValidation" time="0.093" classname="testValidation.Firefox_test"/>
  <testcase name="LogInValidation" time="4.675" classname="testValidation.Firefox_test"/>
  <testcase name="LogoValidation" time="0.815" classname="testValidation.Firefox_test"/>
</testsuite> <!-- Test-2 -->
