<?xml version="1.0" encoding="UTF-8"?>
<!-- Generated by org.testng.reporters.JUnitReportReporter -->
<testsuite skipped="0" hostname="DESKTOP-F4DEVB3" name="testValidation.Compatibility" tests="12" failures="0" timestamp="2023-01-06T22:17:54 IST" time="22.878" errors="0">
  <testcase name="LogoValidation" time="0.577" classname="testValidation.Compatibility"/>
  <system-out/>
  <testcase name="LogoValidation" time="0.390" classname="testValidation.Compatibility"/>
  <system-out/>
  <testcase name="LogoValidation" time="0.341" classname="testValidation.Compatibility"/>
  <system-out/>
  <testcase name="TitalValidation" time="2.289" classname="testValidation.Compatibility"/>
  <system-out>
    <![CDATA[Tital is Verified]]>
  </system-out>
  <testcase name="TitalValidation" time="0.322" classname="testValidation.Compatibility"/>
  <system-out>
    <![CDATA[Tital is Verified]]>
  </system-out>
  <testcase name="TitalValidation" time="0.112" classname="testValidation.Compatibility"/>
  <system-out>
    <![CDATA[Tital is Verified]]>
  </system-out>
  <testcase name="CheckBoxValidation" time="0.212" classname="testValidation.Compatibility"/>
  <system-out/>
  <testcase name="CheckBoxValidation" time="0.149" classname="testValidation.Compatibility"/>
  <system-out/>
  <testcase name="CheckBoxValidation" time="0.099" classname="testValidation.Compatibility"/>
  <system-out/>
  <testcase name="LogInValidation" time="4.044" classname="testValidation.Compatibility"/>
  <system-out/>
  <testcase name="LogInValidation" time="6.088" classname="testValidation.Compatibility"/>
  <system-out/>
  <testcase name="LogInValidation" time="8.255" classname="testValidation.Compatibility"/>
  <system-out/>
</testsuite> <!-- testValidation.Compatibility -->
