<?xml version="1.0" encoding="UTF-8"?>
<!-- Generated by org.testng.reporters.JUnitReportReporter -->
<testsuite skipped="0" hostname="DESKTOP-F4DEVB3" name="testValidation.TestClass_TestNG" tests="4" failures="0" timestamp="2022-11-30T23:33:46 IST" time="8.085" errors="0">
  <testcase name="LogoValidation" time="0.409" classname="testValidation.TestClass_TestNG"/>
  <system-out/>
  <testcase name="TitalValidation" time="1.483" classname="testValidation.TestClass_TestNG"/>
  <system-out/>
  <testcase name="CheckBoxValidation" time="0.116" classname="testValidation.TestClass_TestNG"/>
  <system-out/>
  <testcase name="LogInValidation" time="6.077" classname="testValidation.TestClass_TestNG"/>
  <system-out/>
</testsuite> <!-- testValidation.TestClass_TestNG -->
