<?xml version="1.0" encoding="UTF-8"?>
<!-- Generated by org.testng.reporters.JUnitReportReporter -->
<testsuite skipped="0" hostname="DESKTOP-F4DEVB3" name="testValidation.TestClass_TestNG" tests="4" failures="0" timestamp="2023-01-10T16:01:13 IST" time="11.516" errors="0">
  <testcase name="LogoValidation" time="0.586" classname="testValidation.TestClass_TestNG"/>
  <system-out/>
  <testcase name="TitalValidation" time="2.802" classname="testValidation.TestClass_TestNG"/>
  <system-out>
    <![CDATA[Tital is Verified]]>
  </system-out>
  <testcase name="CheckBoxValidation" time="0.199" classname="testValidation.TestClass_TestNG"/>
  <system-out/>
  <testcase name="LogInValidation" time="7.929" classname="testValidation.TestClass_TestNG"/>
  <system-out/>
</testsuite> <!-- testValidation.TestClass_TestNG -->
